<?xml version="1.0" encoding="utf-8" standalone="no"?>
<!--This file represents the results of running a test suite-->
<test-results name="C:\MCORE4.0.0\App\Cobranza.Core.Application.Tests\bin\Debug\Cobranza.Core.Application.Tests.dll" total="0" errors="0" failures="0" not-run="0" inconclusive="0" ignored="0" skipped="0" invalid="0" date="2016-12-01" time="11:01:03">
  <environment nunit-version="2.6.4.14350" clr-version="2.0.50727.5420" os-version="Microsoft Windows NT 6.1.7601 Service Pack 1" platform="Win32NT" cwd="C:\MCORE4.0.0\App" machine-name="WSINFDES001" user="jpino" user-domain="LLACRUZ" />
  <culture-info current-culture="es-CL" current-uiculture="es-ES" />
  <test-suite type="Assembly" name="C:\MCORE4.0.0\App\Cobranza.Core.Application.Tests\bin\Debug\Cobranza.Core.Application.Tests.dll" executed="True" result="Inconclusive" success="False" time="0.007" asserts="0" />
</test-results>