<?xml version="1.0" encoding="utf-8" standalone="no"?>
<!--This file represents the results of running a test suite-->
<test-results name="C:\MCORE4.0.0\App\Cobranza.Core.Domain.Tests\bin\Debug\Cobranza.Core.Domain.Tests.dll" total="6" errors="0" failures="0" not-run="0" inconclusive="0" ignored="0" skipped="0" invalid="0" date="2016-12-01" time="11:01:00">
  <environment nunit-version="2.6.4.14350" clr-version="2.0.50727.5420" os-version="Microsoft Windows NT 6.1.7601 Service Pack 1" platform="Win32NT" cwd="C:\MCORE4.0.0\App" machine-name="WSINFDES001" user="jpino" user-domain="LLACRUZ" />
  <culture-info current-culture="es-CL" current-uiculture="es-ES" />
  <test-suite type="Assembly" name="C:\MCORE4.0.0\App\Cobranza.Core.Domain.Tests\bin\Debug\Cobranza.Core.Domain.Tests.dll" executed="True" result="Success" success="True" time="0.227" asserts="0">
    <results>
      <test-suite type="Namespace" name="" executed="True" result="Success" success="True" time="0.223" asserts="0">
        <results>
          <test-suite type="Namespace" name="Cobranza" executed="True" result="Success" success="True" time="0.223" asserts="0">
            <results>
              <test-suite type="Namespace" name="Core" executed="True" result="Success" success="True" time="0.222" asserts="0">
                <results>
                  <test-suite type="Namespace" name="Domain" executed="True" result="Success" success="True" time="0.222" asserts="0">
                    <results>
                      <test-suite type="Namespace" name="Tests" executed="True" result="Success" success="True" time="0.222" asserts="0">
                        <results>
                          <test-suite type="Namespace" name="ProcesoCargaModule" executed="True" result="Success" success="True" time="0.222" asserts="0">
                            <results>
                              <test-suite type="TestFixture" name="MetaArchivoValidationSpecificationsTests" executed="True" result="Success" success="True" time="0.199" asserts="0">
                                <results>
                                  <test-case name="Cobranza.Core.Domain.Tests.ProcesoCargaModule.MetaArchivoValidationSpecificationsTests.MetaArchivoShouldHaveFieldsConfigurated" executed="True" result="Success" success="True" time="0.176" asserts="1" />
                                  <test-case name="Cobranza.Core.Domain.Tests.ProcesoCargaModule.MetaArchivoValidationSpecificationsTests.MetaArchivoShouldHaveKeyFieldConfigurated" executed="True" result="Success" success="True" time="0.001" asserts="1" />
                                  <test-case name="Cobranza.Core.Domain.Tests.ProcesoCargaModule.MetaArchivoValidationSpecificationsTests.MetaArchivoShouldNotHaveFieldsConfigurated" executed="True" result="Success" success="True" time="0.008" asserts="2" />
                                  <test-case name="Cobranza.Core.Domain.Tests.ProcesoCargaModule.MetaArchivoValidationSpecificationsTests.MetaArchivoShouldNotHaveKeyFieldConfigurated" executed="True" result="Success" success="True" time="0.001" asserts="2" />
                                </results>
                              </test-suite>
                              <test-suite type="TestFixture" name="MetaArchivoValidatorTests" executed="True" result="Success" success="True" time="0.018" asserts="0">
                                <results>
                                  <test-case name="Cobranza.Core.Domain.Tests.ProcesoCargaModule.MetaArchivoValidatorTests.MetaArchivoShouldBeValidForCreation" executed="True" result="Success" success="True" time="0.016" asserts="1" />
                                  <test-case name="Cobranza.Core.Domain.Tests.ProcesoCargaModule.MetaArchivoValidatorTests.MetaArchivoShouldNotBeValidForCreation" executed="True" result="Success" success="True" time="0.000" asserts="1" />
                                </results>
                              </test-suite>
                            </results>
                          </test-suite>
                        </results>
                      </test-suite>
                    </results>
                  </test-suite>
                </results>
              </test-suite>
            </results>
          </test-suite>
        </results>
      </test-suite>
    </results>
  </test-suite>
</test-results>