<?xml version="1.0" encoding="utf-8"?>
<CoverageSession xmlns:xsd="http://www.w3.org/2001/XMLSchema" xmlns:xsi="http://www.w3.org/2001/XMLSchema-instance">
  <Summary numSequencePoints="0" visitedSequencePoints="0" numBranchPoints="0" visitedBranchPoints="0" sequenceCoverage="0" branchCoverage="0" maxCyclomaticComplexity="0" minCyclomaticComplexity="0" visitedClasses="0" numClasses="0" visitedMethods="0" numMethods="0" />
  <Modules>
    <Module skippedDueTo="Filter" hash="FC-91-39-F3-3E-82-BB-89-56-F7-CB-FA-B2-11-1B-41-34-CB-54-10">
      <ModulePath>C:\Windows\Microsoft.Net\assembly\GAC_32\mscorlib\v4.0_4.0.0.0__b77a5c561934e089\mscorlib.dll</ModulePath>
      <ModuleTime>2014-04-12T04:48:40Z</ModuleTime>
      <ModuleName>mscorlib</ModuleName>
      <Classes />
    </Module>
    <Module skippedDueTo="Filter" hash="29-BC-32-15-21-E8-F9-6D-87-31-AF-AD-0B-21-31-A6-BB-2F-E4-00">
      <ModulePath>C:\MCORE4.0.0\Dependencies\NUnit-2.6.4\bin\nunit-agent-x86.exe</ModulePath>
      <ModuleTime>2016-11-21T14:22:12.2890036Z</ModuleTime>
      <ModuleName>nunit-agent-x86</ModuleName>
      <Classes />
    </Module>
    <Module skippedDueTo="Filter" hash="36-B9-FF-C0-07-EA-59-4D-23-2E-FD-CD-5A-45-CF-C0-2C-42-2A-98">
      <ModulePath>C:\MCORE4.0.0\Dependencies\NUnit-2.6.4\bin\lib\nunit.core.dll</ModulePath>
      <ModuleTime>2016-11-21T14:22:15.2641738Z</ModuleTime>
      <ModuleName>nunit.core</ModuleName>
      <Classes />
    </Module>
    <Module skippedDueTo="Filter" hash="14-C3-4B-3E-39-7A-EE-C0-B9-2F-83-44-2F-04-8A-F7-48-7B-67-DE">
      <ModulePath>C:\MCORE4.0.0\Dependencies\NUnit-2.6.4\bin\lib\nunit.util.dll</ModulePath>
      <ModuleTime>2016-11-21T14:22:14.7071419Z</ModuleTime>
      <ModuleName>nunit.util</ModuleName>
      <Classes />
    </Module>
    <Module skippedDueTo="Filter" hash="5E-95-A6-AD-88-48-98-B1-62-7F-4E-5A-C1-0E-F3-B7-85-56-44-E8">
      <ModulePath>C:\MCORE4.0.0\Dependencies\NUnit-2.6.4\bin\lib\nunit.core.interfaces.dll</ModulePath>
      <ModuleTime>2016-11-21T14:22:14.6891409Z</ModuleTime>
      <ModuleName>nunit.core.interfaces</ModuleName>
      <Classes />
    </Module>
    <Module skippedDueTo="Filter" hash="88-E1-1C-E3-0E-FE-E7-69-52-A3-00-5A-EA-ED-30-4C-18-3A-6C-29">
      <ModulePath>C:\Windows\Microsoft.Net\assembly\GAC_MSIL\System\v4.0_4.0.0.0__b77a5c561934e089\System.dll</ModulePath>
      <ModuleTime>2014-04-12T04:48:40Z</ModuleTime>
      <ModuleName>System</ModuleName>
      <Classes />
    </Module>
    <Module skippedDueTo="Filter" hash="20-CB-39-CE-43-33-CD-D0-45-8A-27-D2-2E-2F-D6-5B-08-94-D5-8F">
      <ModulePath>C:\Windows\Microsoft.Net\assembly\GAC_MSIL\System.Runtime.Remoting\v4.0_4.0.0.0__b77a5c561934e089\System.Runtime.Remoting.dll</ModulePath>
      <ModuleTime>2014-04-12T04:48:40Z</ModuleTime>
      <ModuleName>System.Runtime.Remoting</ModuleName>
      <Classes />
    </Module>
    <Module skippedDueTo="Filter" hash="2F-7D-13-34-38-47-6A-D8-A6-85-0A-2A-97-3C-93-B2-CD-20-01-5F">
      <ModulePath>C:\Windows\Microsoft.Net\assembly\GAC_MSIL\System.Configuration\v4.0_4.0.0.0__b03f5f7f11d50a3a\System.Configuration.dll</ModulePath>
      <ModuleTime>2014-04-12T04:48:40Z</ModuleTime>
      <ModuleName>System.Configuration</ModuleName>
      <Classes />
    </Module>
    <Module skippedDueTo="Filter" hash="E5-4D-1E-C1-42-58-82-DB-9B-6F-39-58-9C-69-8D-9B-E5-A2-10-98">
      <ModulePath>C:\Windows\Microsoft.Net\assembly\GAC_MSIL\System.Xml\v4.0_4.0.0.0__b77a5c561934e089\System.Xml.dll</ModulePath>
      <ModuleTime>2014-04-12T04:48:40Z</ModuleTime>
      <ModuleName>System.Xml</ModuleName>
      <Classes />
    </Module>
    <Module skippedDueTo="Filter" hash="D3-F2-A9-08-1D-CF-08-A6-83-85-71-9A-E7-DE-F3-69-E9-F7-B7-CA">
      <ModulePath>C:\Windows\Microsoft.Net\assembly\GAC_32\System.Web\v4.0_4.0.0.0__b03f5f7f11d50a3a\System.Web.dll</ModulePath>
      <ModuleTime>2014-04-12T04:48:40Z</ModuleTime>
      <ModuleName>System.Web</ModuleName>
      <Classes />
    </Module>
    <Module skippedDueTo="Filter" hash="36-B9-FF-C0-07-EA-59-4D-23-2E-FD-CD-5A-45-CF-C0-2C-42-2A-98">
      <ModulePath>C:\MCORE4.0.0\Dependencies\NUnit-2.6.4\bin\lib\nunit.core.dll</ModulePath>
      <ModuleTime>2016-11-21T14:22:15.2641738Z</ModuleTime>
      <ModuleName>nunit.core</ModuleName>
      <Classes />
    </Module>
    <Module skippedDueTo="Filter" hash="88-E1-1C-E3-0E-FE-E7-69-52-A3-00-5A-EA-ED-30-4C-18-3A-6C-29">
      <ModulePath>C:\Windows\Microsoft.Net\assembly\GAC_MSIL\System\v4.0_4.0.0.0__b77a5c561934e089\System.dll</ModulePath>
      <ModuleTime>2014-04-12T04:48:40Z</ModuleTime>
      <ModuleName>System</ModuleName>
      <Classes />
    </Module>
    <Module skippedDueTo="Filter" hash="53-25-23-C6-63-70-35-C6-0C-82-04-1A-0A-BF-1A-E7-1F-EA-74-A3">
      <ModulePath>C:\MCORE4.0.0\Dependencies\NUnit-2.6.4\bin\pnunit.framework.dll</ModulePath>
      <ModuleTime>2016-11-21T14:22:12.2860034Z</ModuleTime>
      <ModuleName>pnunit.framework</ModuleName>
      <Classes />
    </Module>
    <Module skippedDueTo="Filter" hash="21-69-E9-47-C6-F8-02-12-31-E6-18-DE-8E-43-24-C9-AB-F7-C2-BE">
      <ModulePath>C:\MCORE4.0.0\Dependencies\NUnit-2.6.4\bin\pnunit-agent.exe</ModulePath>
      <ModuleTime>2016-11-21T14:22:12.2880035Z</ModuleTime>
      <ModuleName>pnunit-agent</ModuleName>
      <Classes />
    </Module>
    <Module skippedDueTo="Filter" hash="5E-95-A6-AD-88-48-98-B1-62-7F-4E-5A-C1-0E-F3-B7-85-56-44-E8">
      <ModulePath>C:\MCORE4.0.0\Dependencies\NUnit-2.6.4\bin\lib\nunit.core.interfaces.dll</ModulePath>
      <ModuleTime>2016-11-21T14:22:14.6891409Z</ModuleTime>
      <ModuleName>nunit.core.interfaces</ModuleName>
      <Classes />
    </Module>
    <Module skippedDueTo="Filter" hash="8C-EE-DA-36-16-8A-68-33-BD-B0-D4-17-00-23-30-C6-5C-9A-93-69">
      <ModulePath>C:\MCORE4.0.0\App\Cobranza.Core.Domain.Tests\bin\Debug\Cobranza.Core.Domain.Tests.dll</ModulePath>
      <ModuleTime>2016-12-01T12:56:37.3400488Z</ModuleTime>
      <ModuleName>Cobranza.Core.Domain.Tests</ModuleName>
      <Classes />
    </Module>
    <Module skippedDueTo="Filter" hash="A2-D0-DB-C9-20-FB-37-90-D4-D6-25-E5-C4-7B-E0-42-CA-32-C0-51">
      <ModulePath>C:\MCORE4.0.0\App\Cobranza.Core.Domain.Tests\bin\Debug\nunit.framework.dll</ModulePath>
      <ModuleTime>2016-11-21T14:21:59.3942661Z</ModuleTime>
      <ModuleName>nunit.framework</ModuleName>
      <Classes />
    </Module>
    <Module skippedDueTo="Filter" hash="F2-ED-FF-09-01-C9-D7-BC-29-AC-A6-93-C5-97-8A-0D-43-DD-8D-F2">
      <ModulePath>C:\MCORE4.0.0\Dependencies\NUnit-2.6.4\bin\lib\nunit-console-runner.dll</ModulePath>
      <ModuleTime>2016-11-21T14:22:15.2621737Z</ModuleTime>
      <ModuleName>nunit-console-runner</ModuleName>
      <Classes />
    </Module>
    <Module skippedDueTo="Filter" hash="20-CB-39-CE-43-33-CD-D0-45-8A-27-D2-2E-2F-D6-5B-08-94-D5-8F">
      <ModulePath>C:\Windows\Microsoft.Net\assembly\GAC_MSIL\System.Runtime.Remoting\v4.0_4.0.0.0__b77a5c561934e089\System.Runtime.Remoting.dll</ModulePath>
      <ModuleTime>2014-04-12T04:48:40Z</ModuleTime>
      <ModuleName>System.Runtime.Remoting</ModuleName>
      <Classes />
    </Module>
    <Module skippedDueTo="Filter" hash="2F-7D-13-34-38-47-6A-D8-A6-85-0A-2A-97-3C-93-B2-CD-20-01-5F">
      <ModulePath>C:\Windows\Microsoft.Net\assembly\GAC_MSIL\System.Configuration\v4.0_4.0.0.0__b03f5f7f11d50a3a\System.Configuration.dll</ModulePath>
      <ModuleTime>2014-04-12T04:48:40Z</ModuleTime>
      <ModuleName>System.Configuration</ModuleName>
      <Classes />
    </Module>
    <Module skippedDueTo="Filter" hash="E5-4D-1E-C1-42-58-82-DB-9B-6F-39-58-9C-69-8D-9B-E5-A2-10-98">
      <ModulePath>C:\Windows\Microsoft.Net\assembly\GAC_MSIL\System.Xml\v4.0_4.0.0.0__b77a5c561934e089\System.Xml.dll</ModulePath>
      <ModuleTime>2014-04-12T04:48:40Z</ModuleTime>
      <ModuleName>System.Xml</ModuleName>
      <Classes />
    </Module>
    <Module skippedDueTo="MissingPdb" hash="70-FE-91-C6-56-A7-59-B7-F9-07-16-9B-8D-7A-57-A8-B2-A7-9A-CA">
      <ModulePath>C:\MCORE4.0.0\App\Cobranza.Core.Domain.Tests\bin\Debug\Cobranza.Core.Domain.dll</ModulePath>
      <ModuleTime>2016-12-01T12:56:37.1630387Z</ModuleTime>
      <ModuleName>Cobranza.Core.Domain</ModuleName>
      <Classes />
    </Module>
    <Module skippedDueTo="MissingPdb" hash="E6-9E-70-AA-CA-A4-C4-01-7D-C7-39-BD-46-AF-6D-C9-2E-21-39-3F">
      <ModulePath>C:\MCORE4.0.0\App\Cobranza.Core.Domain.Tests\bin\Debug\Cobranza.Core.Domain.Seedwork.dll</ModulePath>
      <ModuleTime>2016-12-01T12:56:36.8670218Z</ModuleTime>
      <ModuleName>Cobranza.Core.Domain.Seedwork</ModuleName>
      <Classes />
    </Module>
    <Module skippedDueTo="Filter" hash="24-C5-37-06-22-07-B7-4C-91-22-CC-AD-F3-D8-3C-92-47-66-A0-88">
      <ModulePath>C:\Windows\Microsoft.Net\assembly\GAC_MSIL\System.Core\v4.0_4.0.0.0__b77a5c561934e089\System.Core.dll</ModulePath>
      <ModuleTime>2014-04-12T04:48:40Z</ModuleTime>
      <ModuleName>System.Core</ModuleName>
      <Classes />
    </Module>
  </Modules>
</CoverageSession>